[2023-08-19 18:30:44,554][train][INFO] - Running with the following config:
data:
  split_path: /opt/ppd/hyperk/Users/samanis/WatChMaL/inputs/srn/npz/cnn.merged.lowfit.splash.firstred.ndet.sk6.r85220.r87220.334.978k.2023-08-14.npz
  dataset:
    h5file: /opt/ppd/hyperk/Users/samanis/WatChMaL/inputs/srn/h5/cnn.merged.lowfit.splash.firstred.ndet.sk6.r85220.r87220.334.978k.2023-08-14.h5
    _target_: watchmal.dataset.cnn.cnn_dataset.CNNDataset
    pmt_positions_file: /opt/ppd/hyperk/Users/samanis/WatChMaL/inputs/npz_image/SK_PMT_image_positions.npz
    collapse_arrays: false
model:
  _recursive_: false
  _target_: watchmal.model.classifier.Classifier
  num_classes: 2
  feature_extractor:
    _target_: watchmal.model.resnet.resnet18
    num_input_channels: 1
    num_output_channels: 128
  classification_network:
    _target_: watchmal.model.classifier.ResNetFullyConnected
engine:
  _target_: watchmal.engine.engine_classifier.ClassifierEngine
tasks:
  train:
    epochs: 10
    report_interval: 100
    val_interval: 100
    num_val_batches: 256
    checkpointing: false
    data_loaders:
      train:
        split_key: train_idxs
        batch_size: 256
        num_workers: 1
        transforms: null
        sampler:
          _target_: torch.utils.data.sampler.SubsetRandomSampler
      validation:
        split_key: val_idxs
        batch_size: 256
        num_workers: 1
        sampler:
          _target_: torch.utils.data.sampler.SubsetRandomSampler
    optimizers:
      _target_: torch.optim.Adam
      lr: 0.001
      weight_decay: 0
  restore_best_state:
    placeholder: configs can't be empty
  evaluate:
    data_loaders:
      test:
        split_key: test_idxs
        batch_size: 256
        num_workers: 4
        sampler:
          _target_: watchmal.dataset.samplers.SubsetSequentialSampler
gpu_list:
- 0
- 1
seed: null
dump_path: /opt/ppd/hyperk/Users/samanis/WatChMaL/outputs/resnet18/firstred_valbatch/

Creating a directory for run dump at : /opt/ppd/hyperk/Users/samanis/WatChMaL/outputs/resnet18/firstred_valbatch/
Dump path: /opt/ppd/hyperk/Users/samanis/WatChMaL/outputs/resnet18/firstred_valbatch/
Using multiprocessing...
Using DistributedDataParallel on these devices: ['cuda:0', 'cuda:1']
Running main worker function on device: 1
Running main worker function on device: 0
Training... Validation Interval: 100
Epoch 1 Starting @ 2023-08-19 18:30:59
Fetching new validation iterator...
best validation loss so far!: 0.6928303159074858
Saved checkpoint as: /opt/ppd/hyperk/Users/samanis/WatChMaL/outputs/resnet18/firstred_valbatch/DistributedDataParallelBEST.pth
... Iteration 100 ... Epoch 1 ... Step 100/1047  ... Training Loss 0.401 ... Training Accuracy 0.867 ... Time Elapsed 75.878 ... Iteration Time 75.878
Fetching new validation iterator...
Fetching new validation iterator...
best validation loss so far!: 0.5987590227159671
Saved checkpoint as: /opt/ppd/hyperk/Users/samanis/WatChMaL/outputs/resnet18/firstred_valbatch/DistributedDataParallelBEST.pth
... Iteration 200 ... Epoch 1 ... Step 200/1047  ... Training Loss 0.231 ... Training Accuracy 0.914 ... Time Elapsed 150.364 ... Iteration Time 74.487
Fetching new validation iterator...
Fetching new validation iterator...
... Iteration 300 ... Epoch 1 ... Step 300/1047  ... Training Loss 0.245 ... Training Accuracy 0.930 ... Time Elapsed 225.176 ... Iteration Time 74.812
Fetching new validation iterator...
Fetching new validation iterator...
... Iteration 400 ... Epoch 1 ... Step 400/1047  ... Training Loss 0.300 ... Training Accuracy 0.883 ... Time Elapsed 300.606 ... Iteration Time 75.430
Fetching new validation iterator...
Fetching new validation iterator...
... Iteration 500 ... Epoch 1 ... Step 500/1047  ... Training Loss 0.253 ... Training Accuracy 0.938 ... Time Elapsed 376.227 ... Iteration Time 75.620
Fetching new validation iterator...
Fetching new validation iterator...
... Iteration 600 ... Epoch 1 ... Step 600/1047  ... Training Loss 0.304 ... Training Accuracy 0.898 ... Time Elapsed 451.745 ... Iteration Time 75.519
Fetching new validation iterator...
Fetching new validation iterator...
... Iteration 700 ... Epoch 1 ... Step 700/1047  ... Training Loss 0.278 ... Training Accuracy 0.883 ... Time Elapsed 527.392 ... Iteration Time 75.647
Fetching new validation iterator...
Fetching new validation iterator...
best validation loss so far!: 0.5363610227359459
Saved checkpoint as: /opt/ppd/hyperk/Users/samanis/WatChMaL/outputs/resnet18/firstred_valbatch/DistributedDataParallelBEST.pth
... Iteration 800 ... Epoch 1 ... Step 800/1047  ... Training Loss 0.180 ... Training Accuracy 0.938 ... Time Elapsed 603.409 ... Iteration Time 76.017
Fetching new validation iterator...
Fetching new validation iterator...
best validation loss so far!: 0.3260211025190074
Saved checkpoint as: /opt/ppd/hyperk/Users/samanis/WatChMaL/outputs/resnet18/firstred_valbatch/DistributedDataParallelBEST.pth
... Iteration 900 ... Epoch 1 ... Step 900/1047  ... Training Loss 0.254 ... Training Accuracy 0.914 ... Time Elapsed 679.664 ... Iteration Time 76.255
Fetching new validation iterator...
Fetching new validation iterator...
best validation loss so far!: 0.31666662453790195
Saved checkpoint as: /opt/ppd/hyperk/Users/samanis/WatChMaL/outputs/resnet18/firstred_valbatch/DistributedDataParallelBEST.pth
... Iteration 1000 ... Epoch 1 ... Step 1000/1047  ... Training Loss 0.159 ... Training Accuracy 0.945 ... Time Elapsed 756.126 ... Iteration Time 76.462
Fetching new validation iterator...
Fetching new validation iterator...
Epoch 2 Starting @ 2023-08-19 18:44:25
... Iteration 1100 ... Epoch 2 ... Step 53/1047  ... Training Loss 0.258 ... Training Accuracy 0.922 ... Time Elapsed 26.499 ... Iteration Time 26.499
Fetching new validation iterator...
Fetching new validation iterator...
best validation loss so far!: 0.21514477208256721
Saved checkpoint as: /opt/ppd/hyperk/Users/samanis/WatChMaL/outputs/resnet18/firstred_valbatch/DistributedDataParallelBEST.pth
... Iteration 1200 ... Epoch 2 ... Step 153/1047  ... Training Loss 0.261 ... Training Accuracy 0.891 ... Time Elapsed 102.546 ... Iteration Time 76.048
Fetching new validation iterator...
Fetching new validation iterator...
... Iteration 1300 ... Epoch 2 ... Step 253/1047  ... Training Loss 0.339 ... Training Accuracy 0.883 ... Time Elapsed 178.863 ... Iteration Time 76.317
Fetching new validation iterator...
Fetching new validation iterator...
... Iteration 1400 ... Epoch 2 ... Step 353/1047  ... Training Loss 0.244 ... Training Accuracy 0.898 ... Time Elapsed 254.523 ... Iteration Time 75.659
Fetching new validation iterator...
Fetching new validation iterator...
... Iteration 1500 ... Epoch 2 ... Step 453/1047  ... Training Loss 0.304 ... Training Accuracy 0.875 ... Time Elapsed 330.184 ... Iteration Time 75.662
Fetching new validation iterator...
Fetching new validation iterator...
... Iteration 1600 ... Epoch 2 ... Step 553/1047  ... Training Loss 0.211 ... Training Accuracy 0.930 ... Time Elapsed 406.045 ... Iteration Time 75.861
Fetching new validation iterator...
Fetching new validation iterator...
... Iteration 1700 ... Epoch 2 ... Step 653/1047  ... Training Loss 0.144 ... Training Accuracy 0.945 ... Time Elapsed 481.874 ... Iteration Time 75.829
Fetching new validation iterator...
Fetching new validation iterator...
... Iteration 1800 ... Epoch 2 ... Step 753/1047  ... Training Loss 0.227 ... Training Accuracy 0.914 ... Time Elapsed 557.910 ... Iteration Time 76.036
Fetching new validation iterator...
Fetching new validation iterator...
best validation loss so far!: 0.20713981165317819
Saved checkpoint as: /opt/ppd/hyperk/Users/samanis/WatChMaL/outputs/resnet18/firstred_valbatch/DistributedDataParallelBEST.pth
... Iteration 1900 ... Epoch 2 ... Step 853/1047  ... Training Loss 0.240 ... Training Accuracy 0.914 ... Time Elapsed 634.048 ... Iteration Time 76.138
Fetching new validation iterator...
Fetching new validation iterator...
... Iteration 2000 ... Epoch 2 ... Step 953/1047  ... Training Loss 0.273 ... Training Accuracy 0.914 ... Time Elapsed 709.890 ... Iteration Time 75.842
Fetching new validation iterator...
Fetching new validation iterator...
Epoch 3 Starting @ 2023-08-19 18:57:28
... Iteration 2100 ... Epoch 3 ... Step 6/1047  ... Training Loss 0.161 ... Training Accuracy 0.922 ... Time Elapsed 3.674 ... Iteration Time 3.674
Fetching new validation iterator...
... Iteration 2200 ... Epoch 3 ... Step 106/1047  ... Training Loss 0.083 ... Training Accuracy 0.977 ... Time Elapsed 79.332 ... Iteration Time 75.658
Fetching new validation iterator...
Fetching new validation iterator...
... Iteration 2300 ... Epoch 3 ... Step 206/1047  ... Training Loss 0.181 ... Training Accuracy 0.953 ... Time Elapsed 155.202 ... Iteration Time 75.870
Fetching new validation iterator...
Fetching new validation iterator...
... Iteration 2400 ... Epoch 3 ... Step 306/1047  ... Training Loss 0.222 ... Training Accuracy 0.930 ... Time Elapsed 231.059 ... Iteration Time 75.857
Fetching new validation iterator...
Fetching new validation iterator...
... Iteration 2500 ... Epoch 3 ... Step 406/1047  ... Training Loss 0.113 ... Training Accuracy 0.953 ... Time Elapsed 307.001 ... Iteration Time 75.942
Fetching new validation iterator...
Fetching new validation iterator...
... Iteration 2600 ... Epoch 3 ... Step 506/1047  ... Training Loss 0.150 ... Training Accuracy 0.945 ... Time Elapsed 382.814 ... Iteration Time 75.813
Fetching new validation iterator...
Fetching new validation iterator...
... Iteration 2700 ... Epoch 3 ... Step 606/1047  ... Training Loss 0.248 ... Training Accuracy 0.898 ... Time Elapsed 458.888 ... Iteration Time 76.074
Fetching new validation iterator...
Fetching new validation iterator...
... Iteration 2800 ... Epoch 3 ... Step 706/1047  ... Training Loss 0.215 ... Training Accuracy 0.930 ... Time Elapsed 534.891 ... Iteration Time 76.003
Fetching new validation iterator...
Fetching new validation iterator...
... Iteration 2900 ... Epoch 3 ... Step 806/1047  ... Training Loss 0.170 ... Training Accuracy 0.945 ... Time Elapsed 611.066 ... Iteration Time 76.175
Fetching new validation iterator...
Fetching new validation iterator...
... Iteration 3000 ... Epoch 3 ... Step 906/1047  ... Training Loss 0.191 ... Training Accuracy 0.930 ... Time Elapsed 687.948 ... Iteration Time 76.881
Fetching new validation iterator...
Fetching new validation iterator...
best validation loss so far!: 0.19012639811262488
Saved checkpoint as: /opt/ppd/hyperk/Users/samanis/WatChMaL/outputs/resnet18/firstred_valbatch/DistributedDataParallelBEST.pth
... Iteration 3100 ... Epoch 3 ... Step 1006/1047  ... Training Loss 0.118 ... Training Accuracy 0.969 ... Time Elapsed 764.576 ... Iteration Time 76.628
Fetching new validation iterator...
Fetching new validation iterator...
Epoch 4 Starting @ 2023-08-19 19:11:00
... Iteration 3200 ... Epoch 4 ... Step 59/1047  ... Training Loss 0.120 ... Training Accuracy 0.961 ... Time Elapsed 29.679 ... Iteration Time 29.679
Fetching new validation iterator...
Fetching new validation iterator...
... Iteration 3300 ... Epoch 4 ... Step 159/1047  ... Training Loss 0.169 ... Training Accuracy 0.953 ... Time Elapsed 105.730 ... Iteration Time 76.051
Fetching new validation iterator...
Fetching new validation iterator...
... Iteration 3400 ... Epoch 4 ... Step 259/1047  ... Training Loss 0.206 ... Training Accuracy 0.930 ... Time Elapsed 181.675 ... Iteration Time 75.945
Fetching new validation iterator...
Fetching new validation iterator...
... Iteration 3500 ... Epoch 4 ... Step 359/1047  ... Training Loss 0.171 ... Training Accuracy 0.945 ... Time Elapsed 257.466 ... Iteration Time 75.791
Fetching new validation iterator...
Fetching new validation iterator...
... Iteration 3600 ... Epoch 4 ... Step 459/1047  ... Training Loss 0.300 ... Training Accuracy 0.914 ... Time Elapsed 333.376 ... Iteration Time 75.910
Fetching new validation iterator...
Fetching new validation iterator...
best validation loss so far!: 0.18187469385156874
Saved checkpoint as: /opt/ppd/hyperk/Users/samanis/WatChMaL/outputs/resnet18/firstred_valbatch/DistributedDataParallelBEST.pth
... Iteration 3700 ... Epoch 4 ... Step 559/1047  ... Training Loss 0.201 ... Training Accuracy 0.930 ... Time Elapsed 409.492 ... Iteration Time 76.116
Fetching new validation iterator...
Fetching new validation iterator...
... Iteration 3800 ... Epoch 4 ... Step 659/1047  ... Training Loss 0.297 ... Training Accuracy 0.883 ... Time Elapsed 485.338 ... Iteration Time 75.846
Fetching new validation iterator...
Fetching new validation iterator...
... Iteration 3900 ... Epoch 4 ... Step 759/1047  ... Training Loss 0.205 ... Training Accuracy 0.922 ... Time Elapsed 561.046 ... Iteration Time 75.708
Fetching new validation iterator...
Fetching new validation iterator...
... Iteration 4000 ... Epoch 4 ... Step 859/1047  ... Training Loss 0.226 ... Training Accuracy 0.914 ... Time Elapsed 637.108 ... Iteration Time 76.062
Fetching new validation iterator...
Fetching new validation iterator...
... Iteration 4100 ... Epoch 4 ... Step 959/1047  ... Training Loss 0.142 ... Training Accuracy 0.953 ... Time Elapsed 712.970 ... Iteration Time 75.861
Fetching new validation iterator...
Fetching new validation iterator...
best validation loss so far!: 0.17887642020650674
Saved checkpoint as: /opt/ppd/hyperk/Users/samanis/WatChMaL/outputs/resnet18/firstred_valbatch/DistributedDataParallelBEST.pth
Epoch 5 Starting @ 2023-08-19 19:24:04
... Iteration 4200 ... Epoch 5 ... Step 12/1047  ... Training Loss 0.159 ... Training Accuracy 0.930 ... Time Elapsed 6.654 ... Iteration Time 6.654
Fetching new validation iterator...
Fetching new validation iterator...
... Iteration 4300 ... Epoch 5 ... Step 112/1047  ... Training Loss 0.244 ... Training Accuracy 0.914 ... Time Elapsed 82.282 ... Iteration Time 75.628
Fetching new validation iterator...
... Iteration 4400 ... Epoch 5 ... Step 212/1047  ... Training Loss 0.170 ... Training Accuracy 0.945 ... Time Elapsed 157.891 ... Iteration Time 75.609
Fetching new validation iterator...
Fetching new validation iterator...
... Iteration 4500 ... Epoch 5 ... Step 312/1047  ... Training Loss 0.268 ... Training Accuracy 0.906 ... Time Elapsed 233.729 ... Iteration Time 75.838
Fetching new validation iterator...
Fetching new validation iterator...
... Iteration 4600 ... Epoch 5 ... Step 412/1047  ... Training Loss 0.181 ... Training Accuracy 0.953 ... Time Elapsed 309.667 ... Iteration Time 75.938
Fetching new validation iterator...
Fetching new validation iterator...
... Iteration 4700 ... Epoch 5 ... Step 512/1047  ... Training Loss 0.184 ... Training Accuracy 0.930 ... Time Elapsed 385.559 ... Iteration Time 75.891
Fetching new validation iterator...
Fetching new validation iterator...
... Iteration 4800 ... Epoch 5 ... Step 612/1047  ... Training Loss 0.171 ... Training Accuracy 0.938 ... Time Elapsed 461.548 ... Iteration Time 75.989
Fetching new validation iterator...
Fetching new validation iterator...
... Iteration 4900 ... Epoch 5 ... Step 712/1047  ... Training Loss 0.186 ... Training Accuracy 0.938 ... Time Elapsed 537.346 ... Iteration Time 75.799
Fetching new validation iterator...
Fetching new validation iterator...
... Iteration 5000 ... Epoch 5 ... Step 812/1047  ... Training Loss 0.152 ... Training Accuracy 0.945 ... Time Elapsed 613.255 ... Iteration Time 75.908
Fetching new validation iterator...
Fetching new validation iterator...
... Iteration 5100 ... Epoch 5 ... Step 912/1047  ... Training Loss 0.166 ... Training Accuracy 0.938 ... Time Elapsed 689.154 ... Iteration Time 75.900
Fetching new validation iterator...
Fetching new validation iterator...
... Iteration 5200 ... Epoch 5 ... Step 1012/1047  ... Training Loss 0.173 ... Training Accuracy 0.945 ... Time Elapsed 764.864 ... Iteration Time 75.710
Fetching new validation iterator...
Fetching new validation iterator...
Epoch 6 Starting @ 2023-08-19 19:37:33
... Iteration 5300 ... Epoch 6 ... Step 65/1047  ... Training Loss 0.182 ... Training Accuracy 0.938 ... Time Elapsed 32.730 ... Iteration Time 32.730
Fetching new validation iterator...
Fetching new validation iterator...
... Iteration 5400 ... Epoch 6 ... Step 165/1047  ... Training Loss 0.090 ... Training Accuracy 0.977 ... Time Elapsed 108.798 ... Iteration Time 76.068
Fetching new validation iterator...
Fetching new validation iterator...
... Iteration 5500 ... Epoch 6 ... Step 265/1047  ... Training Loss 0.159 ... Training Accuracy 0.938 ... Time Elapsed 184.505 ... Iteration Time 75.707
Fetching new validation iterator...
Fetching new validation iterator...
... Iteration 5600 ... Epoch 6 ... Step 365/1047  ... Training Loss 0.088 ... Training Accuracy 0.977 ... Time Elapsed 260.165 ... Iteration Time 75.660
Fetching new validation iterator...
Fetching new validation iterator...
... Iteration 5700 ... Epoch 6 ... Step 465/1047  ... Training Loss 0.144 ... Training Accuracy 0.945 ... Time Elapsed 336.125 ... Iteration Time 75.960
Fetching new validation iterator...
Fetching new validation iterator...
... Iteration 5800 ... Epoch 6 ... Step 565/1047  ... Training Loss 0.212 ... Training Accuracy 0.930 ... Time Elapsed 411.846 ... Iteration Time 75.721
Fetching new validation iterator...
Fetching new validation iterator...
... Iteration 5900 ... Epoch 6 ... Step 665/1047  ... Training Loss 0.127 ... Training Accuracy 0.953 ... Time Elapsed 487.739 ... Iteration Time 75.893
Fetching new validation iterator...
Fetching new validation iterator...
... Iteration 6000 ... Epoch 6 ... Step 765/1047  ... Training Loss 0.149 ... Training Accuracy 0.953 ... Time Elapsed 563.569 ... Iteration Time 75.830
Fetching new validation iterator...
Fetching new validation iterator...
... Iteration 6100 ... Epoch 6 ... Step 865/1047  ... Training Loss 0.149 ... Training Accuracy 0.953 ... Time Elapsed 639.293 ... Iteration Time 75.724
Fetching new validation iterator...
Fetching new validation iterator...
... Iteration 6200 ... Epoch 6 ... Step 965/1047  ... Training Loss 0.097 ... Training Accuracy 0.961 ... Time Elapsed 715.097 ... Iteration Time 75.804
Fetching new validation iterator...
Fetching new validation iterator...
Epoch 7 Starting @ 2023-08-19 19:50:35
... Iteration 6300 ... Epoch 7 ... Step 18/1047  ... Training Loss 0.205 ... Training Accuracy 0.930 ... Time Elapsed 9.462 ... Iteration Time 9.462
Fetching new validation iterator...
Fetching new validation iterator...
... Iteration 6400 ... Epoch 7 ... Step 118/1047  ... Training Loss 0.281 ... Training Accuracy 0.906 ... Time Elapsed 85.528 ... Iteration Time 76.066
Fetching new validation iterator...
Fetching new validation iterator...
... Iteration 6500 ... Epoch 7 ... Step 218/1047  ... Training Loss 0.178 ... Training Accuracy 0.938 ... Time Elapsed 161.344 ... Iteration Time 75.817
Fetching new validation iterator...
... Iteration 6600 ... Epoch 7 ... Step 318/1047  ... Training Loss 0.103 ... Training Accuracy 0.953 ... Time Elapsed 236.928 ... Iteration Time 75.583
Fetching new validation iterator...
Fetching new validation iterator...
best validation loss so far!: 0.1757547095330665
Saved checkpoint as: /opt/ppd/hyperk/Users/samanis/WatChMaL/outputs/resnet18/firstred_valbatch/DistributedDataParallelBEST.pth
... Iteration 6700 ... Epoch 7 ... Step 418/1047  ... Training Loss 0.099 ... Training Accuracy 0.961 ... Time Elapsed 312.893 ... Iteration Time 75.965
Fetching new validation iterator...
Fetching new validation iterator...
... Iteration 6800 ... Epoch 7 ... Step 518/1047  ... Training Loss 0.138 ... Training Accuracy 0.945 ... Time Elapsed 388.697 ... Iteration Time 75.805
Fetching new validation iterator...
Fetching new validation iterator...
... Iteration 6900 ... Epoch 7 ... Step 618/1047  ... Training Loss 0.083 ... Training Accuracy 0.961 ... Time Elapsed 464.500 ... Iteration Time 75.802
Fetching new validation iterator...
Fetching new validation iterator...
... Iteration 7000 ... Epoch 7 ... Step 718/1047  ... Training Loss 0.136 ... Training Accuracy 0.961 ... Time Elapsed 540.311 ... Iteration Time 75.811
Fetching new validation iterator...
Fetching new validation iterator...
... Iteration 7100 ... Epoch 7 ... Step 818/1047  ... Training Loss 0.061 ... Training Accuracy 0.977 ... Time Elapsed 616.217 ... Iteration Time 75.906
Fetching new validation iterator...
Fetching new validation iterator...
... Iteration 7200 ... Epoch 7 ... Step 918/1047  ... Training Loss 0.167 ... Training Accuracy 0.930 ... Time Elapsed 692.201 ... Iteration Time 75.984
Fetching new validation iterator...
Fetching new validation iterator...
best validation loss so far!: 0.17385650376672857
Saved checkpoint as: /opt/ppd/hyperk/Users/samanis/WatChMaL/outputs/resnet18/firstred_valbatch/DistributedDataParallelBEST.pth
... Iteration 7300 ... Epoch 7 ... Step 1018/1047  ... Training Loss 0.060 ... Training Accuracy 0.984 ... Time Elapsed 768.369 ... Iteration Time 76.168
Fetching new validation iterator...
Fetching new validation iterator...
Epoch 8 Starting @ 2023-08-19 20:04:05
... Iteration 7400 ... Epoch 8 ... Step 71/1047  ... Training Loss 0.106 ... Training Accuracy 0.969 ... Time Elapsed 35.200 ... Iteration Time 35.200
Fetching new validation iterator...
Fetching new validation iterator...
... Iteration 7500 ... Epoch 8 ... Step 171/1047  ... Training Loss 0.196 ... Training Accuracy 0.945 ... Time Elapsed 111.289 ... Iteration Time 76.089
Fetching new validation iterator...
Fetching new validation iterator...
... Iteration 7600 ... Epoch 8 ... Step 271/1047  ... Training Loss 0.051 ... Training Accuracy 0.992 ... Time Elapsed 187.344 ... Iteration Time 76.055
Fetching new validation iterator...
Fetching new validation iterator...
... Iteration 7700 ... Epoch 8 ... Step 371/1047  ... Training Loss 0.163 ... Training Accuracy 0.930 ... Time Elapsed 263.245 ... Iteration Time 75.901
Fetching new validation iterator...
Fetching new validation iterator...
... Iteration 7800 ... Epoch 8 ... Step 471/1047  ... Training Loss 0.204 ... Training Accuracy 0.922 ... Time Elapsed 338.961 ... Iteration Time 75.717
Fetching new validation iterator...
Fetching new validation iterator...
... Iteration 7900 ... Epoch 8 ... Step 571/1047  ... Training Loss 0.124 ... Training Accuracy 0.953 ... Time Elapsed 414.713 ... Iteration Time 75.752
Fetching new validation iterator...
Fetching new validation iterator...
... Iteration 8000 ... Epoch 8 ... Step 671/1047  ... Training Loss 0.118 ... Training Accuracy 0.961 ... Time Elapsed 490.474 ... Iteration Time 75.761
Fetching new validation iterator...
Fetching new validation iterator...
... Iteration 8100 ... Epoch 8 ... Step 771/1047  ... Training Loss 0.209 ... Training Accuracy 0.922 ... Time Elapsed 566.305 ... Iteration Time 75.831
Fetching new validation iterator...
Fetching new validation iterator...
... Iteration 8200 ... Epoch 8 ... Step 871/1047  ... Training Loss 0.074 ... Training Accuracy 0.984 ... Time Elapsed 642.338 ... Iteration Time 76.033
Fetching new validation iterator...
Fetching new validation iterator...
... Iteration 8300 ... Epoch 8 ... Step 971/1047  ... Training Loss 0.125 ... Training Accuracy 0.977 ... Time Elapsed 718.243 ... Iteration Time 75.905
Fetching new validation iterator...
Fetching new validation iterator...
Epoch 9 Starting @ 2023-08-19 20:17:08
... Iteration 8400 ... Epoch 9 ... Step 24/1047  ... Training Loss 0.097 ... Training Accuracy 0.977 ... Time Elapsed 12.526 ... Iteration Time 12.526
Fetching new validation iterator...
Fetching new validation iterator...
... Iteration 8500 ... Epoch 9 ... Step 124/1047  ... Training Loss 0.129 ... Training Accuracy 0.938 ... Time Elapsed 88.551 ... Iteration Time 76.024
Fetching new validation iterator...
Fetching new validation iterator...
... Iteration 8600 ... Epoch 9 ... Step 224/1047  ... Training Loss 0.113 ... Training Accuracy 0.969 ... Time Elapsed 164.359 ... Iteration Time 75.809
Fetching new validation iterator...
Fetching new validation iterator...
... Iteration 8700 ... Epoch 9 ... Step 324/1047  ... Training Loss 0.157 ... Training Accuracy 0.945 ... Time Elapsed 240.039 ... Iteration Time 75.680
Fetching new validation iterator...
... Iteration 8800 ... Epoch 9 ... Step 424/1047  ... Training Loss 0.094 ... Training Accuracy 0.969 ... Time Elapsed 315.992 ... Iteration Time 75.953
Fetching new validation iterator...
Fetching new validation iterator...
... Iteration 8900 ... Epoch 9 ... Step 524/1047  ... Training Loss 0.125 ... Training Accuracy 0.961 ... Time Elapsed 391.845 ... Iteration Time 75.853
Fetching new validation iterator...
Fetching new validation iterator...
... Iteration 9000 ... Epoch 9 ... Step 624/1047  ... Training Loss 0.075 ... Training Accuracy 0.984 ... Time Elapsed 467.518 ... Iteration Time 75.674
Fetching new validation iterator...
Fetching new validation iterator...
... Iteration 9100 ... Epoch 9 ... Step 724/1047  ... Training Loss 0.131 ... Training Accuracy 0.945 ... Time Elapsed 543.399 ... Iteration Time 75.880
Fetching new validation iterator...
Fetching new validation iterator...
... Iteration 9200 ... Epoch 9 ... Step 824/1047  ... Training Loss 0.162 ... Training Accuracy 0.945 ... Time Elapsed 619.383 ... Iteration Time 75.984
Fetching new validation iterator...
Fetching new validation iterator...
... Iteration 9300 ... Epoch 9 ... Step 924/1047  ... Training Loss 0.101 ... Training Accuracy 0.961 ... Time Elapsed 695.149 ... Iteration Time 75.766
Fetching new validation iterator...
Fetching new validation iterator...
... Iteration 9400 ... Epoch 9 ... Step 1024/1047  ... Training Loss 0.149 ... Training Accuracy 0.969 ... Time Elapsed 770.941 ... Iteration Time 75.792
Fetching new validation iterator...
Fetching new validation iterator...
Epoch 10 Starting @ 2023-08-19 20:30:38
... Iteration 9500 ... Epoch 10 ... Step 77/1047  ... Training Loss 0.113 ... Training Accuracy 0.961 ... Time Elapsed 38.212 ... Iteration Time 38.212
Fetching new validation iterator...
Fetching new validation iterator...
... Iteration 9600 ... Epoch 10 ... Step 177/1047  ... Training Loss 0.072 ... Training Accuracy 0.977 ... Time Elapsed 114.205 ... Iteration Time 75.992
Fetching new validation iterator...
Fetching new validation iterator...
... Iteration 9700 ... Epoch 10 ... Step 277/1047  ... Training Loss 0.162 ... Training Accuracy 0.945 ... Time Elapsed 190.022 ... Iteration Time 75.818
Fetching new validation iterator...
Fetching new validation iterator...
... Iteration 9800 ... Epoch 10 ... Step 377/1047  ... Training Loss 0.140 ... Training Accuracy 0.953 ... Time Elapsed 265.674 ... Iteration Time 75.652
Fetching new validation iterator...
Fetching new validation iterator...
... Iteration 9900 ... Epoch 10 ... Step 477/1047  ... Training Loss 0.040 ... Training Accuracy 1.000 ... Time Elapsed 341.453 ... Iteration Time 75.779
Fetching new validation iterator...
Fetching new validation iterator...
... Iteration 10000 ... Epoch 10 ... Step 577/1047  ... Training Loss 0.111 ... Training Accuracy 0.953 ... Time Elapsed 417.263 ... Iteration Time 75.810
Fetching new validation iterator...
Fetching new validation iterator...
... Iteration 10100 ... Epoch 10 ... Step 677/1047  ... Training Loss 0.177 ... Training Accuracy 0.938 ... Time Elapsed 493.125 ... Iteration Time 75.862
Fetching new validation iterator...
Fetching new validation iterator...
... Iteration 10200 ... Epoch 10 ... Step 777/1047  ... Training Loss 0.143 ... Training Accuracy 0.945 ... Time Elapsed 568.960 ... Iteration Time 75.834
Fetching new validation iterator...
Fetching new validation iterator...
... Iteration 10300 ... Epoch 10 ... Step 877/1047  ... Training Loss 0.119 ... Training Accuracy 0.953 ... Time Elapsed 644.835 ... Iteration Time 75.875
Fetching new validation iterator...
Fetching new validation iterator...
... Iteration 10400 ... Epoch 10 ... Step 977/1047  ... Training Loss 0.151 ... Training Accuracy 0.938 ... Time Elapsed 720.842 ... Iteration Time 76.007
Fetching new validation iterator...
Fetching new validation iterator...
Restoring state from /opt/ppd/hyperk/Users/samanis/WatChMaL/outputs/resnet18/firstred_valbatch/DistributedDataParallelBEST.pth
Restoration complete.
evaluating in directory:  /opt/ppd/hyperk/Users/samanis/WatChMaL/outputs/resnet18/firstred_valbatch/
Fetching new validation iterator...
Fetching new validation iterator...
Fetching new validation iterator...
Fetching new validation iterator...
Fetching new validation iterator...
Fetching new validation iterator...
Fetching new validation iterator...
Fetching new validation iterator...
Fetching new validation iterator...
Fetching new validation iterator...
Fetching new validation iterator...
Fetching new validation iterator...
Fetching new validation iterator...
Fetching new validation iterator...
Fetching new validation iterator...
Fetching new validation iterator...
Fetching new validation iterator...
Fetching new validation iterator...
Fetching new validation iterator...
Fetching new validation iterator...
Fetching new validation iterator...
Fetching new validation iterator...
Fetching new validation iterator...
Fetching new validation iterator...
Fetching new validation iterator...
Fetching new validation iterator...
Fetching new validation iterator...
Fetching new validation iterator...
Fetching new validation iterator...
Fetching new validation iterator...
Fetching new validation iterator...
Fetching new validation iterator...
Fetching new validation iterator...
Fetching new validation iterator...
Fetching new validation iterator...
Fetching new validation iterator...
Fetching new validation iterator...
Fetching new validation iterator...
Fetching new validation iterator...
Fetching new validation iterator...
Fetching new validation iterator...
Fetching new validation iterator...
Fetching new validation iterator...
Fetching new validation iterator...
Fetching new validation iterator...
Fetching new validation iterator...
Fetching new validation iterator...
Fetching new validation iterator...
Fetching new validation iterator...
Fetching new validation iterator...
Fetching new validation iterator...
Fetching new validation iterator...
Fetching new validation iterator...
Fetching new validation iterator...
Fetching new validation iterator...
Fetching new validation iterator...
Fetching new validation iterator...
Fetching new validation iterator...
Fetching new validation iterator...
Fetching new validation iterator...
Fetching new validation iterator...
Fetching new validation iterator...
Fetching new validation iterator...
Fetching new validation iterator...
Fetching new validation iterator...
Fetching new validation iterator...
Fetching new validation iterator...
Fetching new validation iterator...
Fetching new validation iterator...
Fetching new validation iterator...
Fetching new validation iterator...
Fetching new validation iterator...
Fetching new validation iterator...
Fetching new validation iterator...
Fetching new validation iterator...
Fetching new validation iterator...
Fetching new validation iterator...
Fetching new validation iterator...
Fetching new validation iterator...
Fetching new validation iterator...
Fetching new validation iterator...
Fetching new validation iterator...
Fetching new validation iterator...
Fetching new validation iterator...
Fetching new validation iterator...
Fetching new validation iterator...
Fetching new validation iterator...
Fetching new validation iterator...
Fetching new validation iterator...
Fetching new validation iterator...
Fetching new validation iterator...
Fetching new validation iterator...
Fetching new validation iterator...
Fetching new validation iterator...
Fetching new validation iterator...
Fetching new validation iterator...
Fetching new validation iterator...
Fetching new validation iterator...
Fetching new validation iterator...
Fetching new validation iterator...
Fetching new validation iterator...
Fetching new validation iterator...
Fetching new validation iterator...
Fetching new validation iterator...
Fetching new validation iterator...
Fetching new validation iterator...
Fetching new validation iterator...
Fetching new validation iterator...
Fetching new validation iterator...
Fetching new validation iterator...
Fetching new validation iterator...
Fetching new validation iterator...
Fetching new validation iterator...
Fetching new validation iterator...
Fetching new validation iterator...
Fetching new validation iterator...
Fetching new validation iterator...
Fetching new validation iterator...
Fetching new validation iterator...
Fetching new validation iterator...
Fetching new validation iterator...
Fetching new validation iterator...
Fetching new validation iterator...
Fetching new validation iterator...
Fetching new validation iterator...
Fetching new validation iterator...
Fetching new validation iterator...
Fetching new validation iterator...
Fetching new validation iterator...
Fetching new validation iterator...
Fetching new validation iterator...
Fetching new validation iterator...
Fetching new validation iterator...
Fetching new validation iterator...
Fetching new validation iterator...
Fetching new validation iterator...
Fetching new validation iterator...
Fetching new validation iterator...
Fetching new validation iterator...
Fetching new validation iterator...
Fetching new validation iterator...
Fetching new validation iterator...
Fetching new validation iterator...
Fetching new validation iterator...
Fetching new validation iterator...
Fetching new validation iterator...
Fetching new validation iterator...
Fetching new validation iterator...
Fetching new validation iterator...
Fetching new validation iterator...
Fetching new validation iterator...
Fetching new validation iterator...
Fetching new validation iterator...
Fetching new validation iterator...
Fetching new validation iterator...
Fetching new validation iterator...
Fetching new validation iterator...
Fetching new validation iterator...
Fetching new validation iterator...
Fetching new validation iterator...
Fetching new validation iterator...
Fetching new validation iterator...
Fetching new validation iterator...
Fetching new validation iterator...
Fetching new validation iterator...
Fetching new validation iterator...
Fetching new validation iterator...
Fetching new validation iterator...
Fetching new validation iterator...
Fetching new validation iterator...
Fetching new validation iterator...
Fetching new validation iterator...
Fetching new validation iterator...
Fetching new validation iterator...
Fetching new validation iterator...
Fetching new validation iterator...
Fetching new validation iterator...
Fetching new validation iterator...
Fetching new validation iterator...
Fetching new validation iterator...
Fetching new validation iterator...
Fetching new validation iterator...
Fetching new validation iterator...
Fetching new validation iterator...
Fetching new validation iterator...
Fetching new validation iterator...
Fetching new validation iterator...
Fetching new validation iterator...
Fetching new validation iterator...
Fetching new validation iterator...
Fetching new validation iterator...
Fetching new validation iterator...
Fetching new validation iterator...
Fetching new validation iterator...
Fetching new validation iterator...
Fetching new validation iterator...
Fetching new validation iterator...
Fetching new validation iterator...
Fetching new validation iterator...
Fetching new validation iterator...
Fetching new validation iterator...
Fetching new validation iterator...
Fetching new validation iterator...
Fetching new validation iterator...
Fetching new validation iterator...
Restoring state from /opt/ppd/hyperk/Users/samanis/WatChMaL/outputs/resnet18/firstred_valbatch/DistributedDataParallelBEST.pth
Restoration complete.
evaluating in directory:  /opt/ppd/hyperk/Users/samanis/WatChMaL/outputs/resnet18/firstred_valbatch/
eval_iteration : 0 eval_loss : 0.10783378779888153 eval_accuracy : 0.953125
eval_iteration : 1 eval_loss : 0.14869900047779083 eval_accuracy : 0.953125
eval_iteration : 2 eval_loss : 0.09320876002311707 eval_accuracy : 0.96875
eval_iteration : 3 eval_loss : 0.19498957693576813 eval_accuracy : 0.9296875
eval_iteration : 4 eval_loss : 0.06445568799972534 eval_accuracy : 0.984375
eval_iteration : 5 eval_loss : 0.09874074161052704 eval_accuracy : 0.9609375
eval_iteration : 6 eval_loss : 0.1492759883403778 eval_accuracy : 0.9453125
eval_iteration : 7 eval_loss : 0.10533760488033295 eval_accuracy : 0.9609375
eval_iteration : 8 eval_loss : 0.3074761629104614 eval_accuracy : 0.9296875
eval_iteration : 9 eval_loss : 0.1809903234243393 eval_accuracy : 0.9296875
eval_iteration : 10 eval_loss : 0.20844729244709015 eval_accuracy : 0.9296875
eval_iteration : 11 eval_loss : 0.2161252796649933 eval_accuracy : 0.9375
eval_iteration : 12 eval_loss : 0.22717468440532684 eval_accuracy : 0.9296875
eval_iteration : 13 eval_loss : 0.2002255767583847 eval_accuracy : 0.9140625
eval_iteration : 14 eval_loss : 0.24612273275852203 eval_accuracy : 0.90625
eval_iteration : 15 eval_loss : 0.19484049081802368 eval_accuracy : 0.9140625
eval_iteration : 16 eval_loss : 0.1626664400100708 eval_accuracy : 0.96875
eval_iteration : 17 eval_loss : 0.1349729746580124 eval_accuracy : 0.953125
eval_iteration : 18 eval_loss : 0.20227496325969696 eval_accuracy : 0.9140625
eval_iteration : 19 eval_loss : 0.15962433815002441 eval_accuracy : 0.9453125
eval_iteration : 20 eval_loss : 0.20987357199192047 eval_accuracy : 0.9375
eval_iteration : 21 eval_loss : 0.1975964605808258 eval_accuracy : 0.9453125
eval_iteration : 22 eval_loss : 0.13303324580192566 eval_accuracy : 0.953125
eval_iteration : 23 eval_loss : 0.23097091913223267 eval_accuracy : 0.921875
eval_iteration : 24 eval_loss : 0.11092928797006607 eval_accuracy : 0.96875
eval_iteration : 25 eval_loss : 0.14436398446559906 eval_accuracy : 0.9296875
eval_iteration : 26 eval_loss : 0.20212626457214355 eval_accuracy : 0.9453125
eval_iteration : 27 eval_loss : 0.16770300269126892 eval_accuracy : 0.9453125
eval_iteration : 28 eval_loss : 0.20370452105998993 eval_accuracy : 0.9375
eval_iteration : 29 eval_loss : 0.23669888079166412 eval_accuracy : 0.9296875
eval_iteration : 30 eval_loss : 0.18752126395702362 eval_accuracy : 0.9375
eval_iteration : 31 eval_loss : 0.2853800654411316 eval_accuracy : 0.9140625
eval_iteration : 32 eval_loss : 0.18227329850196838 eval_accuracy : 0.9296875
eval_iteration : 33 eval_loss : 0.25515636801719666 eval_accuracy : 0.9296875
eval_iteration : 34 eval_loss : 0.14106744527816772 eval_accuracy : 0.9375
eval_iteration : 35 eval_loss : 0.24623435735702515 eval_accuracy : 0.9296875
eval_iteration : 36 eval_loss : 0.2178945243358612 eval_accuracy : 0.921875
eval_iteration : 37 eval_loss : 0.166237473487854 eval_accuracy : 0.9453125
eval_iteration : 38 eval_loss : 0.20381787419319153 eval_accuracy : 0.9140625
eval_iteration : 39 eval_loss : 0.1110214963555336 eval_accuracy : 0.9765625
eval_iteration : 40 eval_loss : 0.167354017496109 eval_accuracy : 0.9296875
eval_iteration : 41 eval_loss : 0.1121392771601677 eval_accuracy : 0.9609375
eval_iteration : 42 eval_loss : 0.1306556761264801 eval_accuracy : 0.953125
eval_iteration : 43 eval_loss : 0.1367746740579605 eval_accuracy : 0.953125
eval_iteration : 44 eval_loss : 0.17358247935771942 eval_accuracy : 0.9453125
eval_iteration : 45 eval_loss : 0.12929639220237732 eval_accuracy : 0.9609375
eval_iteration : 46 eval_loss : 0.19864460825920105 eval_accuracy : 0.9375
eval_iteration : 47 eval_loss : 0.12335514277219772 eval_accuracy : 0.953125
eval_iteration : 48 eval_loss : 0.15306976437568665 eval_accuracy : 0.921875
eval_iteration : 49 eval_loss : 0.1425025463104248 eval_accuracy : 0.9453125
eval_iteration : 50 eval_loss : 0.16171053051948547 eval_accuracy : 0.9296875
eval_iteration : 51 eval_loss : 0.159005269408226 eval_accuracy : 0.9375
eval_iteration : 52 eval_loss : 0.12806405127048492 eval_accuracy : 0.9453125
eval_iteration : 53 eval_loss : 0.13019831478595734 eval_accuracy : 0.953125
eval_iteration : 54 eval_loss : 0.1972031146287918 eval_accuracy : 0.9140625
eval_iteration : 55 eval_loss : 0.12014427036046982 eval_accuracy : 0.953125
eval_iteration : 56 eval_loss : 0.31129899621009827 eval_accuracy : 0.890625
eval_iteration : 57 eval_loss : 0.29108482599258423 eval_accuracy : 0.9140625
eval_iteration : 58 eval_loss : 0.18440495431423187 eval_accuracy : 0.9375
eval_iteration : 59 eval_loss : 0.2268926501274109 eval_accuracy : 0.9453125
eval_iteration : 60 eval_loss : 0.14817333221435547 eval_accuracy : 0.9296875
eval_iteration : 61 eval_loss : 0.1677396148443222 eval_accuracy : 0.921875
eval_iteration : 62 eval_loss : 0.22824622690677643 eval_accuracy : 0.9375
eval_iteration : 63 eval_loss : 0.16203254461288452 eval_accuracy : 0.9296875
eval_iteration : 64 eval_loss : 0.10510167479515076 eval_accuracy : 0.96875
eval_iteration : 65 eval_loss : 0.09317336231470108 eval_accuracy : 0.96875
eval_iteration : 66 eval_loss : 0.1824297159910202 eval_accuracy : 0.9375
eval_iteration : 67 eval_loss : 0.13094808161258698 eval_accuracy : 0.9453125
eval_iteration : 68 eval_loss : 0.23659251630306244 eval_accuracy : 0.9140625
eval_iteration : 69 eval_loss : 0.23633450269699097 eval_accuracy : 0.9296875
eval_iteration : 70 eval_loss : 0.1596946120262146 eval_accuracy : 0.953125
eval_iteration : 71 eval_loss : 0.18144236505031586 eval_accuracy : 0.953125
eval_iteration : 72 eval_loss : 0.12975344061851501 eval_accuracy : 0.9453125
eval_iteration : 73 eval_loss : 0.2831573486328125 eval_accuracy : 0.9140625
eval_iteration : 74 eval_loss : 0.20674429833889008 eval_accuracy : 0.890625
eval_iteration : 75 eval_loss : 0.2698635160923004 eval_accuracy : 0.890625
eval_iteration : 76 eval_loss : 0.21177996695041656 eval_accuracy : 0.9296875
eval_iteration : 77 eval_loss : 0.10952746123075485 eval_accuracy : 0.96875
eval_iteration : 78 eval_loss : 0.13258640468120575 eval_accuracy : 0.96875
eval_iteration : 79 eval_loss : 0.21536333858966827 eval_accuracy : 0.953125
eval_iteration : 80 eval_loss : 0.11178591847419739 eval_accuracy : 0.953125
eval_iteration : 81 eval_loss : 0.21042387187480927 eval_accuracy : 0.9375
eval_iteration : 82 eval_loss : 0.22655479609966278 eval_accuracy : 0.9375
eval_iteration : 83 eval_loss : 0.17423422634601593 eval_accuracy : 0.9296875
eval_iteration : 84 eval_loss : 0.2104983925819397 eval_accuracy : 0.9375
eval_iteration : 85 eval_loss : 0.21064016222953796 eval_accuracy : 0.9453125
eval_iteration : 86 eval_loss : 0.21786968410015106 eval_accuracy : 0.921875
eval_iteration : 87 eval_loss : 0.2292051911354065 eval_accuracy : 0.9140625
eval_iteration : 88 eval_loss : 0.14900559186935425 eval_accuracy : 0.9375
eval_iteration : 89 eval_loss : 0.17433370649814606 eval_accuracy : 0.9375
eval_iteration : 90 eval_loss : 0.14881464838981628 eval_accuracy : 0.953125
eval_iteration : 91 eval_loss : 0.16177460551261902 eval_accuracy : 0.9453125
eval_iteration : 92 eval_loss : 0.1363021582365036 eval_accuracy : 0.9609375
eval_iteration : 93 eval_loss : 0.2716400623321533 eval_accuracy : 0.90625
eval_iteration : 94 eval_loss : 0.2768985629081726 eval_accuracy : 0.9140625
eval_iteration : 95 eval_loss : 0.24686424434185028 eval_accuracy : 0.90625
eval_iteration : 96 eval_loss : 0.1570248156785965 eval_accuracy : 0.9453125
eval_iteration : 97 eval_loss : 0.19332566857337952 eval_accuracy : 0.9375
eval_iteration : 98 eval_loss : 0.19727486371994019 eval_accuracy : 0.9140625
eval_iteration : 99 eval_loss : 0.14600710570812225 eval_accuracy : 0.9296875
eval_iteration : 100 eval_loss : 0.2033827304840088 eval_accuracy : 0.9375
eval_iteration : 101 eval_loss : 0.2051093876361847 eval_accuracy : 0.9375
eval_iteration : 102 eval_loss : 0.13652952015399933 eval_accuracy : 0.9453125
eval_iteration : 103 eval_loss : 0.0905769020318985 eval_accuracy : 0.96875
eval_iteration : 104 eval_loss : 0.17996560037136078 eval_accuracy : 0.9375
eval_iteration : 105 eval_loss : 0.11703913658857346 eval_accuracy : 0.9453125
eval_iteration : 0 eval_loss : 0.21690130233764648 eval_accuracy : 0.9140625
eval_iteration : 1 eval_loss : 0.32022610306739807 eval_accuracy : 0.90625
eval_iteration : 2 eval_loss : 0.1647622287273407 eval_accuracy : 0.9296875
eval_iteration : 3 eval_loss : 0.30488690733909607 eval_accuracy : 0.90625
eval_iteration : 4 eval_loss : 0.20711661875247955 eval_accuracy : 0.921875
eval_iteration : 5 eval_loss : 0.11174193769693375 eval_accuracy : 0.9609375
eval_iteration : 6 eval_loss : 0.12093369662761688 eval_accuracy : 0.953125
eval_iteration : 7 eval_loss : 0.11912836134433746 eval_accuracy : 0.9609375
eval_iteration : 8 eval_loss : 0.14826512336730957 eval_accuracy : 0.9453125
eval_iteration : 9 eval_loss : 0.1820238083600998 eval_accuracy : 0.9296875
eval_iteration : 10 eval_loss : 0.18426260352134705 eval_accuracy : 0.953125
eval_iteration : 11 eval_loss : 0.14314250648021698 eval_accuracy : 0.953125
eval_iteration : 12 eval_loss : 0.12601645290851593 eval_accuracy : 0.9453125
eval_iteration : 13 eval_loss : 0.1439194530248642 eval_accuracy : 0.9453125
eval_iteration : 14 eval_loss : 0.20485523343086243 eval_accuracy : 0.953125
eval_iteration : 15 eval_loss : 0.21514683961868286 eval_accuracy : 0.921875
eval_iteration : 16 eval_loss : 0.23427031934261322 eval_accuracy : 0.9296875
eval_iteration : 17 eval_loss : 0.157401904463768 eval_accuracy : 0.9453125
eval_iteration : 18 eval_loss : 0.122341088950634 eval_accuracy : 0.9609375
eval_iteration : 19 eval_loss : 0.19326567649841309 eval_accuracy : 0.9296875
eval_iteration : 20 eval_loss : 0.18705430626869202 eval_accuracy : 0.96875
eval_iteration : 21 eval_loss : 0.12633056938648224 eval_accuracy : 0.953125
eval_iteration : 22 eval_loss : 0.1745086908340454 eval_accuracy : 0.953125
eval_iteration : 23 eval_loss : 0.16245511174201965 eval_accuracy : 0.9375
eval_iteration : 24 eval_loss : 0.2189176380634308 eval_accuracy : 0.9296875
eval_iteration : 25 eval_loss : 0.16044490039348602 eval_accuracy : 0.9453125
eval_iteration : 26 eval_loss : 0.12994679808616638 eval_accuracy : 0.96875
eval_iteration : 27 eval_loss : 0.2549431025981903 eval_accuracy : 0.9375
eval_iteration : 28 eval_loss : 0.1418067216873169 eval_accuracy : 0.9453125
eval_iteration : 29 eval_loss : 0.269397497177124 eval_accuracy : 0.890625
eval_iteration : 30 eval_loss : 0.3523860275745392 eval_accuracy : 0.8828125
eval_iteration : 31 eval_loss : 0.0917394682765007 eval_accuracy : 0.96875
eval_iteration : 32 eval_loss : 0.19570812582969666 eval_accuracy : 0.953125
eval_iteration : 33 eval_loss : 0.23434053361415863 eval_accuracy : 0.9375
eval_iteration : 34 eval_loss : 0.08288013190031052 eval_accuracy : 0.96875
eval_iteration : 35 eval_loss : 0.18315529823303223 eval_accuracy : 0.9296875
eval_iteration : 36 eval_loss : 0.19055266678333282 eval_accuracy : 0.9375
eval_iteration : 37 eval_loss : 0.16063319146633148 eval_accuracy : 0.9296875
eval_iteration : 38 eval_loss : 0.2822771370410919 eval_accuracy : 0.921875
eval_iteration : 39 eval_loss : 0.22254589200019836 eval_accuracy : 0.90625
eval_iteration : 40 eval_loss : 0.08995500206947327 eval_accuracy : 0.9609375
eval_iteration : 41 eval_loss : 0.20380190014839172 eval_accuracy : 0.953125
eval_iteration : 42 eval_loss : 0.24659188091754913 eval_accuracy : 0.9296875
eval_iteration : 43 eval_loss : 0.1756906658411026 eval_accuracy : 0.9609375
eval_iteration : 44 eval_loss : 0.23979023098945618 eval_accuracy : 0.90625
eval_iteration : 45 eval_loss : 0.26228854060173035 eval_accuracy : 0.921875
eval_iteration : 46 eval_loss : 0.1226564571261406 eval_accuracy : 0.953125
eval_iteration : 47 eval_loss : 0.1656157225370407 eval_accuracy : 0.9375
eval_iteration : 48 eval_loss : 0.14180901646614075 eval_accuracy : 0.9609375
eval_iteration : 49 eval_loss : 0.17059855163097382 eval_accuracy : 0.953125
eval_iteration : 50 eval_loss : 0.21180836856365204 eval_accuracy : 0.953125
eval_iteration : 51 eval_loss : 0.17464874684810638 eval_accuracy : 0.9375
eval_iteration : 52 eval_loss : 0.12721607089042664 eval_accuracy : 0.9609375
eval_iteration : 53 eval_loss : 0.10725146532058716 eval_accuracy : 0.9609375
eval_iteration : 54 eval_loss : 0.13789431750774384 eval_accuracy : 0.9609375
eval_iteration : 55 eval_loss : 0.23265795409679413 eval_accuracy : 0.9296875
eval_iteration : 56 eval_loss : 0.11531192064285278 eval_accuracy : 0.96875
eval_iteration : 57 eval_loss : 0.17170007526874542 eval_accuracy : 0.9375
eval_iteration : 58 eval_loss : 0.26432520151138306 eval_accuracy : 0.9296875
eval_iteration : 59 eval_loss : 0.18941980600357056 eval_accuracy : 0.9375
eval_iteration : 60 eval_loss : 0.1920614093542099 eval_accuracy : 0.9296875
eval_iteration : 61 eval_loss : 0.07544767111539841 eval_accuracy : 0.9765625
eval_iteration : 62 eval_loss : 0.1970660537481308 eval_accuracy : 0.9453125
eval_iteration : 63 eval_loss : 0.16110347211360931 eval_accuracy : 0.953125
eval_iteration : 64 eval_loss : 0.1663244068622589 eval_accuracy : 0.9375
eval_iteration : 65 eval_loss : 0.10603932291269302 eval_accuracy : 0.9609375
eval_iteration : 66 eval_loss : 0.09089286625385284 eval_accuracy : 0.96875
eval_iteration : 67 eval_loss : 0.17304793000221252 eval_accuracy : 0.9453125
eval_iteration : 68 eval_loss : 0.19805368781089783 eval_accuracy : 0.9375
eval_iteration : 69 eval_loss : 0.2129165679216385 eval_accuracy : 0.921875
eval_iteration : 70 eval_loss : 0.21456868946552277 eval_accuracy : 0.9375
eval_iteration : 71 eval_loss : 0.21228362619876862 eval_accuracy : 0.921875
eval_iteration : 72 eval_loss : 0.2943021059036255 eval_accuracy : 0.9140625
eval_iteration : 73 eval_loss : 0.16504094004631042 eval_accuracy : 0.9296875
eval_iteration : 74 eval_loss : 0.08686655759811401 eval_accuracy : 0.96875
eval_iteration : 75 eval_loss : 0.16462458670139313 eval_accuracy : 0.9375
eval_iteration : 76 eval_loss : 0.2129725217819214 eval_accuracy : 0.90625
eval_iteration : 77 eval_loss : 0.14019842445850372 eval_accuracy : 0.9453125
eval_iteration : 78 eval_loss : 0.22577868402004242 eval_accuracy : 0.9375
eval_iteration : 79 eval_loss : 0.2705031633377075 eval_accuracy : 0.8984375
eval_iteration : 80 eval_loss : 0.14024131000041962 eval_accuracy : 0.9453125
eval_iteration : 81 eval_loss : 0.06781557947397232 eval_accuracy : 0.9765625
eval_iteration : 82 eval_loss : 0.26353469491004944 eval_accuracy : 0.9140625
eval_iteration : 83 eval_loss : 0.1393270194530487 eval_accuracy : 0.9453125
eval_iteration : 84 eval_loss : 0.13213658332824707 eval_accuracy : 0.953125
eval_iteration : 85 eval_loss : 0.18179890513420105 eval_accuracy : 0.9453125
eval_iteration : 86 eval_loss : 0.18424944579601288 eval_accuracy : 0.9609375
eval_iteration : 87 eval_loss : 0.1923978328704834 eval_accuracy : 0.9375
eval_iteration : 88 eval_loss : 0.14913798868656158 eval_accuracy : 0.9453125
eval_iteration : 89 eval_loss : 0.26764118671417236 eval_accuracy : 0.90625
eval_iteration : 90 eval_loss : 0.22884149849414825 eval_accuracy : 0.921875
eval_iteration : 91 eval_loss : 0.21087250113487244 eval_accuracy : 0.921875
eval_iteration : 92 eval_loss : 0.11794745922088623 eval_accuracy : 0.9609375
eval_iteration : 93 eval_loss : 0.13123014569282532 eval_accuracy : 0.9609375
eval_iteration : 94 eval_loss : 0.20697744190692902 eval_accuracy : 0.9296875
eval_iteration : 95 eval_loss : 0.11953476816415787 eval_accuracy : 0.9765625
eval_iteration : 96 eval_loss : 0.10733804851770401 eval_accuracy : 0.9609375
eval_iteration : 97 eval_loss : 0.16644611954689026 eval_accuracy : 0.9453125
eval_iteration : 98 eval_loss : 0.17941944301128387 eval_accuracy : 0.953125
eval_iteration : 99 eval_loss : 0.29923388361930847 eval_accuracy : 0.8984375
eval_iteration : 100 eval_loss : 0.17827017605304718 eval_accuracy : 0.953125
eval_iteration : 101 eval_loss : 0.22995226085186005 eval_accuracy : 0.9296875
eval_iteration : 102 eval_loss : 0.12090573459863663 eval_accuracy : 0.953125
eval_iteration : 103 eval_loss : 0.1853686422109604 eval_accuracy : 0.9453125
eval_iteration : 104 eval_loss : 0.19988752901554108 eval_accuracy : 0.9296875
eval_iteration : 105 eval_loss : 0.09266367554664612 eval_accuracy : 0.9765625
eval_iteration : 106 eval_loss : 0.18529768288135529 eval_accuracy : 0.953125
eval_iteration : 107 eval_loss : 0.1683882623910904 eval_accuracy : 0.9296875
eval_iteration : 108 eval_loss : 0.14787672460079193 eval_accuracy : 0.9375
eval_iteration : 109 eval_loss : 0.15505388379096985 eval_accuracy : 0.9296875
eval_iteration : 110 eval_loss : 0.07793914526700974 eval_accuracy : 0.9765625
eval_iteration : 111 eval_loss : 0.1052081510424614 eval_accuracy : 0.96875
eval_iteration : 112 eval_loss : 0.2038969248533249 eval_accuracy : 0.9453125
eval_iteration : 113 eval_loss : 0.17933882772922516 eval_accuracy : 0.9453125
eval_iteration : 114 eval_loss : 0.1787533462047577 eval_accuracy : 0.9453125
eval_iteration : 115 eval_loss : 0.05352385342121124 eval_accuracy : 0.984375
eval_iteration : 116 eval_loss : 0.14880968630313873 eval_accuracy : 0.9453125
eval_iteration : 117 eval_loss : 0.11498740315437317 eval_accuracy : 0.96875
eval_iteration : 118 eval_loss : 0.19415590167045593 eval_accuracy : 0.9375
eval_iteration : 119 eval_loss : 0.17475654184818268 eval_accuracy : 0.9375
eval_iteration : 120 eval_loss : 0.17272953689098358 eval_accuracy : 0.9453125
eval_iteration : 121 eval_loss : 0.1774541288614273 eval_accuracy : 0.9453125
eval_iteration : 122 eval_loss : 0.20739629864692688 eval_accuracy : 0.9140625
eval_iteration : 123 eval_loss : 0.13006646931171417 eval_accuracy : 0.96875
eval_iteration : 124 eval_loss : 0.16786134243011475 eval_accuracy : 0.9375
eval_iteration : 125 eval_loss : 0.2896668612957001 eval_accuracy : 0.921875
eval_iteration : 126 eval_loss : 0.1846470832824707 eval_accuracy : 0.9140625
eval_iteration : 127 eval_loss : 0.1524171531200409 eval_accuracy : 0.9453125
eval_iteration : 128 eval_loss : 0.07985860854387283 eval_accuracy : 0.9765625
eval_iteration : 129 eval_loss : 0.24027974903583527 eval_accuracy : 0.9140625
eval_iteration : 130 eval_loss : 0.21300005912780762 eval_accuracy : 0.9272727272727272
loss : 0.1767197714279626 accuracy : 0.9418350971547536
eval_iteration : 106 eval_loss : 0.18472044169902802 eval_accuracy : 0.9296875
eval_iteration : 107 eval_loss : 0.19775275886058807 eval_accuracy : 0.9375
eval_iteration : 108 eval_loss : 0.17421315610408783 eval_accuracy : 0.9375
eval_iteration : 109 eval_loss : 0.1042063981294632 eval_accuracy : 0.9453125
eval_iteration : 110 eval_loss : 0.18581411242485046 eval_accuracy : 0.9453125
eval_iteration : 111 eval_loss : 0.1953730434179306 eval_accuracy : 0.921875
eval_iteration : 112 eval_loss : 0.16810046136379242 eval_accuracy : 0.9609375
eval_iteration : 113 eval_loss : 0.10871102660894394 eval_accuracy : 0.984375
eval_iteration : 114 eval_loss : 0.1998036652803421 eval_accuracy : 0.9453125
eval_iteration : 115 eval_loss : 0.11104937642812729 eval_accuracy : 0.9609375
eval_iteration : 116 eval_loss : 0.16393882036209106 eval_accuracy : 0.9453125
eval_iteration : 117 eval_loss : 0.16729988157749176 eval_accuracy : 0.9453125
eval_iteration : 118 eval_loss : 0.14126214385032654 eval_accuracy : 0.9375
eval_iteration : 119 eval_loss : 0.13905665278434753 eval_accuracy : 0.953125
eval_iteration : 120 eval_loss : 0.2129853516817093 eval_accuracy : 0.9296875
eval_iteration : 121 eval_loss : 0.13581417500972748 eval_accuracy : 0.953125
eval_iteration : 122 eval_loss : 0.16208840906620026 eval_accuracy : 0.9453125
eval_iteration : 123 eval_loss : 0.19667088985443115 eval_accuracy : 0.9453125
eval_iteration : 124 eval_loss : 0.24909360706806183 eval_accuracy : 0.9296875
eval_iteration : 125 eval_loss : 0.14900653064250946 eval_accuracy : 0.953125
eval_iteration : 126 eval_loss : 0.11715171486139297 eval_accuracy : 0.953125
eval_iteration : 127 eval_loss : 0.17579689621925354 eval_accuracy : 0.9296875
eval_iteration : 128 eval_loss : 0.15798290073871613 eval_accuracy : 0.9375
eval_iteration : 129 eval_loss : 0.2151786983013153 eval_accuracy : 0.9296875
eval_iteration : 130 eval_loss : 0.11715514957904816 eval_accuracy : 0.9545454545454546
loss : 0.17647679701788735 accuracy : 0.9393596027064538
Saving Data...

Avg eval loss : 0.17659828422292498 
Avg eval acc : 0.9405973499306037
Time taken: 8000.31 seconds.
job done!
